[2024-11-02 07:32:28] [info] Start Program:
Path:"D:\\LABY\\BSUIR\\PPOIS\\3laba_PPOIS\\x64\\Debug\\test3"
Arguments:
Working directory: not set.
Modules: Selected: D:\LABY\BSUIR\PPOIS\3laba_PPOIS\x64\Debug\test3 Excluded: 
Sources: Selected: D:\LABY\BSUIR\PPOIS\3laba_PPOIS Excluded: D:\LABY\BSUIR\PPOIS\3laba_PPOIS\packages\ 
Log Level: Normal
Cover Children: 0
Aggregate by file: 1
Continue after C++ exception: 0
Optimized build support: 0
Export: html 
Input coverage: 
Unified diff: 
Excluded line regular expressions: 
Substitute pdb source paths: 
[2024-11-02 07:32:28] [info] Module: D:\LABY\BSUIR\PPOIS\3laba_PPOIS\x64\Debug\test3.exe is selected because it matches selected pattern: D:\LABY\BSUIR\PPOIS\3laba_PPOIS\x64\Debug\test3
[2024-11-02 07:32:28] [info] ----------------------------------------------------
[2024-11-02 07:32:28] [info] Coverage generated in Folder D:\LABY\BSUIR\CoverageReport-2024-11-02-07h32m28s
[2024-11-02 07:32:28] [info] ----------------------------------------------------
[2024-11-02 07:32:28] [info] The code coverage report is not what you expect? See the FAQ https://github.com/OpenCppCoverage/OpenCppCoverage/wiki/FAQ.
