d:\laby\bsuir\1laba\x64\debug\vc143.pdb
d:\laby\bsuir\1laba\x64\debug\vc143.idb
d:\laby\bsuir\1laba\x64\debug\longint.obj
d:\laby\bsuir\1laba\x64\debug\1laba.obj
d:\laby\bsuir\1laba\x64\debug\1laba.exe
d:\laby\bsuir\1laba\x64\debug\1laba.ilk
d:\laby\bsuir\1laba\x64\debug\1laba.pdb
d:\laby\bsuir\1laba\x64\debug\google_tests.ilk
d:\laby\bsuir\1laba\x64\debug\unittest1.exp
d:\laby\bsuir\1laba\x64\debug\google_tests.pdb
d:\laby\bsuir\1laba\x64\debug\gtest.pdb
d:\laby\bsuir\1laba\x64\debug\gtest_main.pdb
d:\laby\bsuir\1laba\x64\debug\unittest1.pdb
d:\laby\bsuir\1laba\x64\debug\1laba.tlog\cl.command.1.tlog
d:\laby\bsuir\1laba\x64\debug\1laba.tlog\cl.items.tlog
d:\laby\bsuir\1laba\x64\debug\1laba.tlog\cl.read.1.tlog
d:\laby\bsuir\1laba\x64\debug\1laba.tlog\cl.write.1.tlog
d:\laby\bsuir\1laba\x64\debug\1laba.tlog\link.command.1.tlog
d:\laby\bsuir\1laba\x64\debug\1laba.tlog\link.read.1.tlog
d:\laby\bsuir\1laba\x64\debug\1laba.tlog\link.write.1.tlog
