Longint.obj : error LNK2005: "public: __cdecl Longint::Longint(class std::basic_string<char,struct std::char_traits<char>,class std::allocator<char> > const &)" (??0Longint@@QEAA@AEBV?$basic_string@DU?$char_traits@D@std@@V?$allocator@D@2@@std@@@Z) уже определен в 1laba.obj
Longint.obj : error LNK2005: "public: class Longint __cdecl Longint::operator++(int)" (??ELongint@@QEAA?AV0@H@Z) уже определен в 1laba.obj
Longint.obj : error LNK2005: "public: class Longint __cdecl Longint::operator++(void)" (??ELongint@@QEAA?AV0@XZ) уже определен в 1laba.obj
Longint.obj : error LNK2005: "public: class Longint __cdecl Longint::operator--(int)" (??FLongint@@QEAA?AV0@H@Z) уже определен в 1laba.obj
Longint.obj : error LNK2005: "public: class Longint __cdecl Longint::operator--(void)" (??FLongint@@QEAA?AV0@XZ) уже определен в 1laba.obj
Longint.obj : error LNK2005: "public: bool __cdecl Longint::operator<(int const &)" (??MLongint@@QEAA_NAEBH@Z) уже определен в 1laba.obj
Longint.obj : error LNK2005: "public: bool __cdecl Longint::operator<(class Longint const &)" (??MLongint@@QEAA_NAEBV0@@Z) уже определен в 1laba.obj
Longint.obj : error LNK2005: "public: bool __cdecl Longint::operator<=(int const &)" (??NLongint@@QEAA_NAEBH@Z) уже определен в 1laba.obj
Longint.obj : error LNK2005: "public: bool __cdecl Longint::operator<=(class Longint const &)" (??NLongint@@QEAA_NAEBV0@@Z) уже определен в 1laba.obj
Longint.obj : error LNK2005: "public: bool __cdecl Longint::operator>(int const &)" (??OLongint@@QEAA_NAEBH@Z) уже определен в 1laba.obj
Longint.obj : error LNK2005: "public: bool __cdecl Longint::operator>(class Longint const &)" (??OLongint@@QEAA_NAEBV0@@Z) уже определен в 1laba.obj
Longint.obj : error LNK2005: "public: bool __cdecl Longint::operator>=(int const &)" (??PLongint@@QEAA_NAEBH@Z) уже определен в 1laba.obj
Longint.obj : error LNK2005: "public: bool __cdecl Longint::operator>=(class Longint const &)" (??PLongint@@QEAA_NAEBV0@@Z) уже определен в 1laba.obj
Longint.obj : error LNK2005: "public: class Longint __cdecl Longint::addInt(int const &)" (?addInt@Longint@@QEAA?AV1@AEBH@Z) уже определен в 1laba.obj
Longint.obj : error LNK2005: "public: class Longint __cdecl Longint::addLong(class Longint const &)" (?addLong@Longint@@QEAA?AV1@AEBV1@@Z) уже определен в 1laba.obj
Longint.obj : error LNK2005: "private: class std::basic_string<char,struct std::char_traits<char>,class std::allocator<char> > __cdecl Longint::add_num_to_string(class Longint const &)" (?add_num_to_string@Longint@@AEAA?AV?$basic_string@DU?$char_traits@D@std@@V?$allocator@D@2@@std@@AEBV1@@Z) уже определен в 1laba.obj
Longint.obj : error LNK2005: "public: class Longint __cdecl Longint::divInt(int const &)" (?divInt@Longint@@QEAA?AV1@AEBH@Z) уже определен в 1laba.obj
Longint.obj : error LNK2005: "public: class Longint __cdecl Longint::divLong(class Longint const &)" (?divLong@Longint@@QEAA?AV1@AEBV1@@Z) уже определен в 1laba.obj
Longint.obj : error LNK2005: "public: class std::basic_string<char,struct std::char_traits<char>,class std::allocator<char> > __cdecl Longint::getLong(void)" (?getLong@Longint@@QEAA?AV?$basic_string@DU?$char_traits@D@std@@V?$allocator@D@2@@std@@XZ) уже определен в 1laba.obj
Longint.obj : error LNK2005: "private: class std::basic_string<char,struct std::char_traits<char>,class std::allocator<char> > __cdecl Longint::longDivision(class Longint const &)" (?longDivision@Longint@@AEAA?AV?$basic_string@DU?$char_traits@D@std@@V?$allocator@D@2@@std@@AEBV1@@Z) уже определен в 1laba.obj
Longint.obj : error LNK2005: "public: class Longint __cdecl Longint::multInt(int const &)" (?multInt@Longint@@QEAA?AV1@AEBH@Z) уже определен в 1laba.obj
Longint.obj : error LNK2005: "private: class std::basic_string<char,struct std::char_traits<char>,class std::allocator<char> > __cdecl Longint::multiply_strings(class Longint const &)" (?multiply_strings@Longint@@AEAA?AV?$basic_string@DU?$char_traits@D@std@@V?$allocator@D@2@@std@@AEBV1@@Z) уже определен в 1laba.obj
Longint.obj : error LNK2005: "public: class Longint __cdecl Longint::multlong(class Longint const &)" (?multlong@Longint@@QEAA?AV1@AEBV1@@Z) уже определен в 1laba.obj
Longint.obj : error LNK2005: "public: int __cdecl Longint::size(void)" (?size@Longint@@QEAAHXZ) уже определен в 1laba.obj
Longint.obj : error LNK2005: "public: class Longint __cdecl Longint::subInt(int const &)" (?subInt@Longint@@QEAA?AV1@AEBH@Z) уже определен в 1laba.obj
Longint.obj : error LNK2005: "public: class Longint __cdecl Longint::subLong(class Longint const &)" (?subLong@Longint@@QEAA?AV1@AEBV1@@Z) уже определен в 1laba.obj
Longint.obj : error LNK2005: "private: class std::basic_string<char,struct std::char_traits<char>,class std::allocator<char> > __cdecl Longint::sub_num_from_string(class Longint const &)" (?sub_num_from_string@Longint@@AEAA?AV?$basic_string@DU?$char_traits@D@std@@V?$allocator@D@2@@std@@AEBV1@@Z) уже определен в 1laba.obj
D:\LABY\BSUIR\1laba\x64\Debug\1laba.exe : fatal error LNK1169: обнаружен многократно определенный символ - один или более
