d:\laby\bsuir\1labappois\x64\debug\vc143.pdb
d:\laby\bsuir\1labappois\x64\debug\vc143.idb
d:\laby\bsuir\1labappois\x64\debug\1labappois.nativecodeanalysis.sarif
d:\laby\bsuir\1labappois\x64\debug\1labappois.nativecodeanalysis.xml
d:\laby\bsuir\1labappois\x64\debug\longint.nativecodeanalysis.sarif
d:\laby\bsuir\1labappois\x64\debug\longint.nativecodeanalysis.xml
d:\laby\bsuir\1labappois\x64\debug\longint.obj
d:\laby\bsuir\1labappois\x64\debug\1labappois.obj
d:\laby\bsuir\1labappois\x64\debug\1labappois.ilk
d:\laby\bsuir\1labappois\x64\debug\1labappois.exe
d:\laby\bsuir\1labappois\x64\debug\1labappois.pdb
d:\laby\bsuir\1labappois\x64\debug\tests.ilk
d:\laby\bsuir\1labappois\x64\debug\gtest.pdb
d:\laby\bsuir\1labappois\x64\debug\gtest_main.pdb
d:\laby\bsuir\1labappois\x64\debug\tests.pdb
d:\laby\bsuir\1labappois\x64\debug\vc.nativecodeanalysis.all.xml
d:\laby\bsuir\1labappois\x64\debug\1labappois.tlog\cl.command.1.tlog
d:\laby\bsuir\1labappois\x64\debug\1labappois.tlog\cl.items.tlog
d:\laby\bsuir\1labappois\x64\debug\1labappois.tlog\cl.read.1.tlog
d:\laby\bsuir\1labappois\x64\debug\1labappois.tlog\cl.write.1.tlog
d:\laby\bsuir\1labappois\x64\debug\1labappois.tlog\link.command.1.tlog
d:\laby\bsuir\1labappois\x64\debug\1labappois.tlog\link.read.1.tlog
d:\laby\bsuir\1labappois\x64\debug\1labappois.tlog\link.write.1.tlog
