[2024-10-05 08:46:53] [info] Start Program:
Path:"D:\\LABY\\BSUIR\\1laba_PPOIS\\x64\\Debug\\tests_google.exe"
Arguments:
Working directory: not set.
Modules: Selected: D:\LABY\BSUIR\1laba_PPOIS\x64\Debug\tests_google.exe Excluded: 
Sources: Selected: D:\LABY\BSUIR\1laba_PPOIS Excluded: D:\LABY\BSUIR\1laba_PPOIS\packages\ 
Log Level: Normal
Cover Children: 0
Aggregate by file: 1
Continue after C++ exception: 0
Optimized build support: 0
Export: html 
Input coverage: 
Unified diff: 
Excluded line regular expressions: 
Substitute pdb source paths: 
[2024-10-05 08:46:53] [info] Module: D:\LABY\BSUIR\1laba_PPOIS\x64\Debug\tests_google.exe is selected because it matches selected pattern: D:\LABY\BSUIR\1laba_PPOIS\x64\Debug\tests_google.exe
[2024-10-05 08:46:53] [info] ----------------------------------------------------
[2024-10-05 08:46:53] [info] Coverage generated in Folder D:\LABY\BSUIR\1laba_PPOIS\CoverageReport-2024-10-05-08h46m53s
[2024-10-05 08:46:53] [info] ----------------------------------------------------
[2024-10-05 08:46:53] [info] The code coverage report is not what you expect? See the FAQ https://github.com/OpenCppCoverage/OpenCppCoverage/wiki/FAQ.
