[2024-09-27 08:50:55] [info] Start Program:
Path:"D:\\LABY\\BSUIR\\1labaPPOIS\\x64\\Debug\\tests.exe"
Arguments:
Working directory: not set.
Modules: Selected: D:\LABY\BSUIR\1labaPPOIS\x64\Debug\tests.exe Excluded: 
Sources: Selected: D:\LABY\BSUIR\1labaPPOIS Excluded: 
Log Level: Normal
Cover Children: 0
Aggregate by file: 1
Continue after C++ exception: 0
Optimized build support: 0
Export: html 
Input coverage: 
Unified diff: 
Excluded line regular expressions: 
Substitute pdb source paths: 
[2024-09-27 08:50:55] [info] Module: D:\LABY\BSUIR\1labaPPOIS\x64\Debug\tests.exe is selected because it matches selected pattern: D:\LABY\BSUIR\1labaPPOIS\x64\Debug\tests.exe
[2024-09-27 08:50:55] [info] ----------------------------------------------------
[2024-09-27 08:50:55] [info] Coverage generated in Folder D:\LABY\BSUIR\1labaPPOIS\CoverageReport-2024-09-27-08h50m55s
[2024-09-27 08:50:55] [info] ----------------------------------------------------
[2024-09-27 08:50:55] [info] The code coverage report is not what you expect? See the FAQ https://github.com/OpenCppCoverage/OpenCppCoverage/wiki/FAQ.
